[1G[0Jcloudsbot> [12G[Thu Feb 04 2016 14:41:17 GMT+0000 (GMT)] ERROR Unable to load /Users/alex/Data/cloudsoft/dev/gits/hubot/2/scripts/chat-forwarding: SyntaxError: unmatched )
  at exports.throwSyntaxError (/Users/alex/Data/cloudsoft/dev/gits/hubot/2/node_modules/coffee-script/lib/coffee-script/helpers.js:197:13)
  at Lexer.exports.Lexer.Lexer.error (/Users/alex/Data/cloudsoft/dev/gits/hubot/2/node_modules/coffee-script/lib/coffee-script/lexer.js:778:14)
  at Lexer.exports.Lexer.Lexer.pair (/Users/alex/Data/cloudsoft/dev/gits/hubot/2/node_modules/coffee-script/lib/coffee-script/lexer.js:690:16)
  at Lexer.exports.Lexer.Lexer.pair (/Users/alex/Data/cloudsoft/dev/gits/hubot/2/node_modules/coffee-script/lib/coffee-script/lexer.js:694:21)
  at Lexer.exports.Lexer.Lexer.pair (/Users/alex/Data/cloudsoft/dev/gits/hubot/2/node_modules/coffee-script/lib/coffee-script/lexer.js:694:21)
  at Lexer.exports.Lexer.Lexer.pair (/Users/alex/Data/cloudsoft/dev/gits/hubot/2/node_modules/coffee-script/lib/coffee-script/lexer.js:694:21)
  at Lexer.exports.Lexer.Lexer.pair (/Users/alex/Data/cloudsoft/dev/gits/hubot/2/node_modules/coffee-script/lib/coffee-script/lexer.js:694:21)
  at Lexer.exports.Lexer.Lexer.pair (/Users/alex/Data/cloudsoft/dev/gits/hubot/2/node_modules/coffee-script/lib/coffee-script/lexer.js:694:21)
  at Lexer.exports.Lexer.Lexer.literalToken (/Users/alex/Data/cloudsoft/dev/gits/hubot/2/node_modules/coffee-script/lib/coffee-script/lexer.js:487:16)
  at Lexer.exports.Lexer.Lexer.tokenize (/Users/alex/Data/cloudsoft/dev/gits/hubot/2/node_modules/coffee-script/lib/coffee-script/lexer.js:30:226)
  at exports.compile.compile (/Users/alex/Data/cloudsoft/dev/gits/hubot/2/node_modules/coffee-script/lib/coffee-script/coffee-script.js:35:36)
  at Object.loadFile (/Users/alex/Data/cloudsoft/dev/gits/hubot/2/node_modules/coffee-script/lib/coffee-script/coffee-script.js:176:14)
  at Module.load (/Users/alex/Data/cloudsoft/dev/gits/hubot/2/node_modules/coffee-script/lib/coffee-script/coffee-script.js:211:36)
  at Function.Module._load (module.js:300:12)
  at Module.require (module.js:353:17)
  at require (internal/module.js:12:17)
  at Robot.loadFile (/Users/alex/Data/cloudsoft/dev/gits/hubot/2/node_modules/hubot/src/robot.coffee:355:9, <js>:224:20)
  at Robot.load (/Users/alex/Data/cloudsoft/dev/gits/hubot/2/node_modules/hubot/src/robot.coffee:377:9, <js>:247:30)
  at Shell.loadScripts (/Users/alex/Data/cloudsoft/dev/gits/hubot/2/node_modules/hubot/bin/hubot:93:5, <js>:97:13)
  at Shell.g (events.js:260:16)
  at emitNone (events.js:67:13)
  at Shell.emit (events.js:166:7)
  at /Users/alex/Data/cloudsoft/dev/gits/hubot/2/node_modules/hubot/src/adapters/shell.coffee:35:7, <js>:72:22
  at Interface.<anonymous> (/Users/alex/Data/cloudsoft/dev/gits/hubot/2/node_modules/hubot/src/adapters/shell.coffee:99:11, <js>:160:20)
  at emitNone (events.js:72:20)
  at Interface.emit (events.js:166:7)
  at Interface.close (readline.js:285:8)
  at ReadStream.onend (readline.js:94:10)
  at emitNone (events.js:72:20)
  at ReadStream.emit (events.js:166:7)
  at endReadableNT (_stream_readable.js:905:12)
  at nextTickCallbackWith2Args (node.js:474:9)
  at process._tickCallback (node.js:388:17)

